<?xml version="1.0" encoding="UTF-8"?>
<testng-results skipped="0" failed="0" total="1" passed="1">
  <reporter-output>
  </reporter-output>
  <suite name="Default suite" duration-ms="48" started-at="2018-05-31T03:17:26Z" finished-at="2018-05-31T03:17:26Z">
    <groups>
    </groups>
    <test name="Default test" duration-ms="48" started-at="2018-05-31T03:17:26Z" finished-at="2018-05-31T03:17:26Z">
      <class name="Test01.Test001">
        <test-method status="PASS" signature="setUp()[pri:0, instance:Test01.Test001@5b275dab]" name="setUp" is-config="true" duration-ms="12" started-at="2018-05-31T11:17:26Z" finished-at="2018-05-31T11:17:26Z">
          <reporter-output>
          </reporter-output>
        </test-method> <!-- setUp -->
        <test-method status="PASS" signature="a()[pri:0, instance:Test01.Test001@5b275dab]" name="a" duration-ms="8" started-at="2018-05-31T11:17:26Z" finished-at="2018-05-31T11:17:26Z">
          <reporter-output>
          </reporter-output>
        </test-method> <!-- a -->
      </class> <!-- Test01.Test001 -->
    </test> <!-- Default test -->
  </suite> <!-- Default suite -->
</testng-results>
